Library/Bee/Android/Prj/Mono2x/Gradle/launcher/build/intermediates/manifest_merge_blame_file/release/manifest-merger-blame-release-report.txt
1<?xml version="1.0" encoding="utf-8"?>
2<manifest xmlns:android="http://schemas.android.com/apk/res/android"
3    package="com.yb.everybodyspots"
4    android:installLocation="preferExternal"
5    android:versionCode="1"
6    android:versionName="0.1" >
7
8    <uses-sdk
9        android:minSdkVersion="22"
9-->src\main\AndroidManifest.xml
10        android:targetSdkVersion="31" />
10-->src\main\AndroidManifest.xml
11
12    <supports-screens
12-->src\main\AndroidManifest.xml:3:3-163
13        android:anyDensity="true"
13-->src\main\AndroidManifest.xml:3:135-160
14        android:largeScreens="true"
14-->src\main\AndroidManifest.xml:3:78-105
15        android:normalScreens="true"
15-->src\main\AndroidManifest.xml:3:49-77
16        android:smallScreens="true"
16-->src\main\AndroidManifest.xml:3:21-48
17        android:xlargeScreens="true" />
17-->src\main\AndroidManifest.xml:3:106-134
18
19    <uses-feature android:glEsVersion="0x00030000" />
19-->[:unityLibrary] AndroidManifest.xml:12:5-54
19-->[:unityLibrary] AndroidManifest.xml:12:19-51
20    <uses-feature
20-->[:unityLibrary] AndroidManifest.xml:13:5-15:36
21        android:name="android.hardware.vulkan.version"
21-->[:unityLibrary] AndroidManifest.xml:14:9-55
22        android:required="false" />
22-->[:unityLibrary] AndroidManifest.xml:15:9-33
23
24    <uses-permission android:name="android.permission.INTERNET" />
24-->[:unityLibrary] AndroidManifest.xml:17:5-67
24-->[:unityLibrary] AndroidManifest.xml:17:22-64
25    <uses-permission android:name="android.permission.ACCESS_NETWORK_STATE" />
25-->[:unityLibrary] AndroidManifest.xml:18:5-79
25-->[:unityLibrary] AndroidManifest.xml:18:22-76
26
27    <uses-feature
27-->[:unityLibrary] AndroidManifest.xml:20:5-22:36
28        android:name="android.hardware.touchscreen"
28-->[:unityLibrary] AndroidManifest.xml:21:9-52
29        android:required="false" />
29-->[:unityLibrary] AndroidManifest.xml:22:9-33
30    <uses-feature
30-->[:unityLibrary] AndroidManifest.xml:23:5-25:36
31        android:name="android.hardware.touchscreen.multitouch"
31-->[:unityLibrary] AndroidManifest.xml:24:9-63
32        android:required="false" />
32-->[:unityLibrary] AndroidManifest.xml:25:9-33
33    <uses-feature
33-->[:unityLibrary] AndroidManifest.xml:26:5-28:36
34        android:name="android.hardware.touchscreen.multitouch.distinct"
34-->[:unityLibrary] AndroidManifest.xml:27:9-72
35        android:required="false" />
35-->[:unityLibrary] AndroidManifest.xml:28:9-33
36
37    <uses-permission android:name="android.permission.WAKE_LOCK" />
37-->[:com.google.android.gms.play-services-measurement-sdk-api-21.1.0:] AndroidManifest.xml:25:5-68
37-->[:com.google.android.gms.play-services-measurement-sdk-api-21.1.0:] AndroidManifest.xml:25:22-65
38    <uses-permission android:name="com.google.android.gms.permission.AD_ID" />
38-->[:com.google.android.gms.play-services-measurement-sdk-api-21.1.0:] AndroidManifest.xml:26:5-79
38-->[:com.google.android.gms.play-services-measurement-sdk-api-21.1.0:] AndroidManifest.xml:26:22-76
39    <uses-permission android:name="com.google.android.finsky.permission.BIND_GET_INSTALL_REFERRER_SERVICE" />
39-->[:com.google.android.gms.play-services-measurement-21.1.0:] AndroidManifest.xml:26:5-110
39-->[:com.google.android.gms.play-services-measurement-21.1.0:] AndroidManifest.xml:26:22-107
40
41    <application
41-->src\main\AndroidManifest.xml:4:3-83
42        android:appComponentFactory="androidx.core.app.CoreComponentFactory"
42-->[:androidx.core.core-1.2.0:] AndroidManifest.xml:24:18-86
43        android:extractNativeLibs="true"
43-->[:unityLibrary] AndroidManifest.xml:30:18-50
44        android:icon="@mipmap/app_icon"
44-->src\main\AndroidManifest.xml:4:49-80
45        android:label="@string/app_name" >
45-->src\main\AndroidManifest.xml:4:16-48
46        <activity
46-->[:unityLibrary] AndroidManifest.xml:31:9-52:20
47            android:name="com.unity3d.player.UnityPlayerActivity"
47-->[:unityLibrary] AndroidManifest.xml:32:13-66
48            android:configChanges="mcc|mnc|locale|touchscreen|keyboard|keyboardHidden|navigation|orientation|screenLayout|uiMode|screenSize|smallestScreenSize|fontScale|layoutDirection|density"
48-->[:unityLibrary] AndroidManifest.xml:33:13-194
49            android:exported="true"
49-->[:unityLibrary] AndroidManifest.xml:34:13-36
50            android:hardwareAccelerated="false"
50-->[:unityLibrary] AndroidManifest.xml:35:13-48
51            android:launchMode="singleTask"
51-->[:unityLibrary] AndroidManifest.xml:36:13-44
52            android:resizeableActivity="false"
52-->[:unityLibrary] AndroidManifest.xml:37:13-47
53            android:screenOrientation="reverseLandscape"
53-->[:unityLibrary] AndroidManifest.xml:38:13-57
54            android:theme="@style/UnityThemeSelector" >
54-->[:unityLibrary] AndroidManifest.xml:39:13-54
55            <intent-filter>
55-->[:unityLibrary] AndroidManifest.xml:40:13-44:29
56                <action android:name="android.intent.action.MAIN" />
56-->[:unityLibrary] AndroidManifest.xml:41:17-69
56-->[:unityLibrary] AndroidManifest.xml:41:25-66
57
58                <category android:name="android.intent.category.LAUNCHER" />
58-->[:unityLibrary] AndroidManifest.xml:43:17-77
58-->[:unityLibrary] AndroidManifest.xml:43:27-74
59            </intent-filter>
60
61            <meta-data
61-->[:unityLibrary] AndroidManifest.xml:46:13-48:40
62                android:name="unityplayer.UnityActivity"
62-->[:unityLibrary] AndroidManifest.xml:47:17-57
63                android:value="true" />
63-->[:unityLibrary] AndroidManifest.xml:48:17-37
64            <meta-data
64-->[:unityLibrary] AndroidManifest.xml:49:13-51:40
65                android:name="android.notch_support"
65-->[:unityLibrary] AndroidManifest.xml:50:17-53
66                android:value="true" />
66-->[:unityLibrary] AndroidManifest.xml:51:17-37
67        </activity>
68
69        <meta-data
69-->[:unityLibrary] AndroidManifest.xml:54:9-56:33
70            android:name="unity.splash-mode"
70-->[:unityLibrary] AndroidManifest.xml:55:13-45
71            android:value="0" />
71-->[:unityLibrary] AndroidManifest.xml:56:13-30
72        <meta-data
72-->[:unityLibrary] AndroidManifest.xml:57:9-59:36
73            android:name="unity.splash-enable"
73-->[:unityLibrary] AndroidManifest.xml:58:13-47
74            android:value="True" />
74-->[:unityLibrary] AndroidManifest.xml:59:13-33
75        <meta-data
75-->[:unityLibrary] AndroidManifest.xml:60:9-62:36
76            android:name="unity.launch-fullscreen"
76-->[:unityLibrary] AndroidManifest.xml:61:13-51
77            android:value="True" />
77-->[:unityLibrary] AndroidManifest.xml:62:13-33
78        <meta-data
78-->[:unityLibrary] AndroidManifest.xml:63:9-65:37
79            android:name="unity.allow-resizable-window"
79-->[:unityLibrary] AndroidManifest.xml:64:13-56
80            android:value="False" />
80-->[:unityLibrary] AndroidManifest.xml:65:13-34
81        <meta-data
81-->[:unityLibrary] AndroidManifest.xml:66:9-68:50
82            android:name="notch.config"
82-->[:unityLibrary] AndroidManifest.xml:67:13-40
83            android:value="portrait|landscape" />
83-->[:unityLibrary] AndroidManifest.xml:68:13-47
84
85        <service
85-->[:com.google.android.gms.play-services-measurement-api-21.1.0:] AndroidManifest.xml:28:9-34:19
86            android:name="com.google.firebase.components.ComponentDiscoveryService"
86-->[:com.google.android.gms.play-services-measurement-api-21.1.0:] AndroidManifest.xml:29:13-84
87            android:directBootAware="true"
87-->[:com.google.firebase.firebase-common-20.1.1:] AndroidManifest.xml:21:86-116
88            android:exported="false" >
88-->[:com.google.android.gms.play-services-measurement-api-21.1.0:] AndroidManifest.xml:30:13-37
89            <meta-data
89-->[:com.google.android.gms.play-services-measurement-api-21.1.0:] AndroidManifest.xml:31:13-33:85
90                android:name="com.google.firebase.components:com.google.firebase.analytics.connector.internal.AnalyticsConnectorRegistrar"
90-->[:com.google.android.gms.play-services-measurement-api-21.1.0:] AndroidManifest.xml:32:17-139
91                android:value="com.google.firebase.components.ComponentRegistrar" />
91-->[:com.google.android.gms.play-services-measurement-api-21.1.0:] AndroidManifest.xml:33:17-82
92            <meta-data
92-->[:com.google.firebase.firebase-database-20.0.5:] AndroidManifest.xml:32:13-34:85
93                android:name="com.google.firebase.components:com.google.firebase.database.DatabaseRegistrar"
93-->[:com.google.firebase.firebase-database-20.0.5:] AndroidManifest.xml:33:17-109
94                android:value="com.google.firebase.components.ComponentRegistrar" />
94-->[:com.google.firebase.firebase-database-20.0.5:] AndroidManifest.xml:34:17-82
95            <meta-data
95-->[:com.google.firebase.firebase-installations-17.0.1:] AndroidManifest.xml:18:13-20:85
96                android:name="com.google.firebase.components:com.google.firebase.installations.FirebaseInstallationsRegistrar"
96-->[:com.google.firebase.firebase-installations-17.0.1:] AndroidManifest.xml:19:17-127
97                android:value="com.google.firebase.components.ComponentRegistrar" />
97-->[:com.google.firebase.firebase-installations-17.0.1:] AndroidManifest.xml:20:17-82
98            <meta-data
98-->[:com.google.firebase.firebase-auth-21.0.6:] AndroidManifest.xml:67:13-69:85
99                android:name="com.google.firebase.components:com.google.firebase.auth.FirebaseAuthRegistrar"
99-->[:com.google.firebase.firebase-auth-21.0.6:] AndroidManifest.xml:68:17-109
100                android:value="com.google.firebase.components.ComponentRegistrar" />
100-->[:com.google.firebase.firebase-auth-21.0.6:] AndroidManifest.xml:69:17-82
101        </service>
102
103        <meta-data
103-->[:com.google.android.gms.play-services-basement-18.1.0:] AndroidManifest.xml:21:9-23:69
104            android:name="com.google.android.gms.version"
104-->[:com.google.android.gms.play-services-basement-18.1.0:] AndroidManifest.xml:22:13-58
105            android:value="@integer/google_play_services_version" />
105-->[:com.google.android.gms.play-services-basement-18.1.0:] AndroidManifest.xml:23:13-66
106
107        <provider
107-->[:com.google.firebase.firebase-common-20.1.1:] AndroidManifest.xml:20:5-227
108            android:name="com.google.firebase.provider.FirebaseInitProvider"
108-->[:com.google.firebase.firebase-common-20.1.1:] AndroidManifest.xml:20:15-79
109            android:authorities="com.yb.everybodyspots.firebaseinitprovider"
109-->[:com.google.firebase.firebase-common-20.1.1:] AndroidManifest.xml:20:80-144
110            android:directBootAware="true"
110-->[:com.google.firebase.firebase-common-20.1.1:] AndroidManifest.xml:20:145-175
111            android:exported="false"
111-->[:com.google.firebase.firebase-common-20.1.1:] AndroidManifest.xml:20:176-200
112            android:initOrder="100" />
112-->[:com.google.firebase.firebase-common-20.1.1:] AndroidManifest.xml:20:201-224
113
114        <receiver
114-->[:com.google.android.gms.play-services-measurement-21.1.0:] AndroidManifest.xml:29:9-33:20
115            android:name="com.google.android.gms.measurement.AppMeasurementReceiver"
115-->[:com.google.android.gms.play-services-measurement-21.1.0:] AndroidManifest.xml:30:13-85
116            android:enabled="true"
116-->[:com.google.android.gms.play-services-measurement-21.1.0:] AndroidManifest.xml:31:13-35
117            android:exported="false" >
117-->[:com.google.android.gms.play-services-measurement-21.1.0:] AndroidManifest.xml:32:13-37
118        </receiver>
119
120        <service
120-->[:com.google.android.gms.play-services-measurement-21.1.0:] AndroidManifest.xml:35:9-38:40
121            android:name="com.google.android.gms.measurement.AppMeasurementService"
121-->[:com.google.android.gms.play-services-measurement-21.1.0:] AndroidManifest.xml:36:13-84
122            android:enabled="true"
122-->[:com.google.android.gms.play-services-measurement-21.1.0:] AndroidManifest.xml:37:13-35
123            android:exported="false" />
123-->[:com.google.android.gms.play-services-measurement-21.1.0:] AndroidManifest.xml:38:13-37
124        <service
124-->[:com.google.android.gms.play-services-measurement-21.1.0:] AndroidManifest.xml:39:9-43:72
125            android:name="com.google.android.gms.measurement.AppMeasurementJobService"
125-->[:com.google.android.gms.play-services-measurement-21.1.0:] AndroidManifest.xml:40:13-87
126            android:enabled="true"
126-->[:com.google.android.gms.play-services-measurement-21.1.0:] AndroidManifest.xml:41:13-35
127            android:exported="false"
127-->[:com.google.android.gms.play-services-measurement-21.1.0:] AndroidManifest.xml:42:13-37
128            android:permission="android.permission.BIND_JOB_SERVICE" />
128-->[:com.google.android.gms.play-services-measurement-21.1.0:] AndroidManifest.xml:43:13-69
129
130        <activity
130-->[:com.google.firebase.firebase-auth-21.0.6:] AndroidManifest.xml:27:9-44:20
131            android:name="com.google.firebase.auth.internal.GenericIdpActivity"
131-->[:com.google.firebase.firebase-auth-21.0.6:] AndroidManifest.xml:28:13-80
132            android:excludeFromRecents="true"
132-->[:com.google.firebase.firebase-auth-21.0.6:] AndroidManifest.xml:29:13-46
133            android:exported="true"
133-->[:com.google.firebase.firebase-auth-21.0.6:] AndroidManifest.xml:30:13-36
134            android:launchMode="singleTask"
134-->[:com.google.firebase.firebase-auth-21.0.6:] AndroidManifest.xml:31:13-44
135            android:theme="@android:style/Theme.Translucent.NoTitleBar" >
135-->[:com.google.firebase.firebase-auth-21.0.6:] AndroidManifest.xml:32:13-72
136            <intent-filter>
136-->[:com.google.firebase.firebase-auth-21.0.6:] AndroidManifest.xml:33:13-43:29
137                <action android:name="android.intent.action.VIEW" />
137-->[:com.google.firebase.firebase-auth-21.0.6:] AndroidManifest.xml:34:17-69
137-->[:com.google.firebase.firebase-auth-21.0.6:] AndroidManifest.xml:34:25-66
138
139                <category android:name="android.intent.category.DEFAULT" />
139-->[:com.google.firebase.firebase-auth-21.0.6:] AndroidManifest.xml:36:17-76
139-->[:com.google.firebase.firebase-auth-21.0.6:] AndroidManifest.xml:36:27-73
140                <category android:name="android.intent.category.BROWSABLE" />
140-->[:com.google.firebase.firebase-auth-21.0.6:] AndroidManifest.xml:37:17-78
140-->[:com.google.firebase.firebase-auth-21.0.6:] AndroidManifest.xml:37:27-75
141
142                <data
142-->[:com.google.firebase.firebase-auth-21.0.6:] AndroidManifest.xml:39:17-42:51
143                    android:host="firebase.auth"
143-->[:com.google.firebase.firebase-auth-21.0.6:] AndroidManifest.xml:40:21-49
144                    android:path="/"
144-->[:com.google.firebase.firebase-auth-21.0.6:] AndroidManifest.xml:41:21-37
145                    android:scheme="genericidp" />
145-->[:com.google.firebase.firebase-auth-21.0.6:] AndroidManifest.xml:42:21-48
146            </intent-filter>
147        </activity>
148        <activity
148-->[:com.google.firebase.firebase-auth-21.0.6:] AndroidManifest.xml:45:9-62:20
149            android:name="com.google.firebase.auth.internal.RecaptchaActivity"
149-->[:com.google.firebase.firebase-auth-21.0.6:] AndroidManifest.xml:46:13-79
150            android:excludeFromRecents="true"
150-->[:com.google.firebase.firebase-auth-21.0.6:] AndroidManifest.xml:47:13-46
151            android:exported="true"
151-->[:com.google.firebase.firebase-auth-21.0.6:] AndroidManifest.xml:48:13-36
152            android:launchMode="singleTask"
152-->[:com.google.firebase.firebase-auth-21.0.6:] AndroidManifest.xml:49:13-44
153            android:theme="@android:style/Theme.Translucent.NoTitleBar" >
153-->[:com.google.firebase.firebase-auth-21.0.6:] AndroidManifest.xml:50:13-72
154            <intent-filter>
154-->[:com.google.firebase.firebase-auth-21.0.6:] AndroidManifest.xml:51:13-61:29
155                <action android:name="android.intent.action.VIEW" />
155-->[:com.google.firebase.firebase-auth-21.0.6:] AndroidManifest.xml:34:17-69
155-->[:com.google.firebase.firebase-auth-21.0.6:] AndroidManifest.xml:34:25-66
156
157                <category android:name="android.intent.category.DEFAULT" />
157-->[:com.google.firebase.firebase-auth-21.0.6:] AndroidManifest.xml:36:17-76
157-->[:com.google.firebase.firebase-auth-21.0.6:] AndroidManifest.xml:36:27-73
158                <category android:name="android.intent.category.BROWSABLE" />
158-->[:com.google.firebase.firebase-auth-21.0.6:] AndroidManifest.xml:37:17-78
158-->[:com.google.firebase.firebase-auth-21.0.6:] AndroidManifest.xml:37:27-75
159
160                <data
160-->[:com.google.firebase.firebase-auth-21.0.6:] AndroidManifest.xml:39:17-42:51
161                    android:host="firebase.auth"
161-->[:com.google.firebase.firebase-auth-21.0.6:] AndroidManifest.xml:40:21-49
162                    android:path="/"
162-->[:com.google.firebase.firebase-auth-21.0.6:] AndroidManifest.xml:41:21-37
163                    android:scheme="recaptcha" />
163-->[:com.google.firebase.firebase-auth-21.0.6:] AndroidManifest.xml:42:21-48
164            </intent-filter>
165        </activity>
166        <activity
166-->[:com.google.android.gms.play-services-base-18.1.0:] AndroidManifest.xml:20:9-22:45
167            android:name="com.google.android.gms.common.api.GoogleApiActivity"
167-->[:com.google.android.gms.play-services-base-18.1.0:] AndroidManifest.xml:20:19-85
168            android:exported="false"
168-->[:com.google.android.gms.play-services-base-18.1.0:] AndroidManifest.xml:22:19-43
169            android:theme="@android:style/Theme.Translucent.NoTitleBar" /> <!-- The space in these forces it to be interpreted as a string vs. int -->
169-->[:com.google.android.gms.play-services-base-18.1.0:] AndroidManifest.xml:21:19-78
170        <meta-data
170-->[:unityLibrary:GooglePlayGamesManifest.androidlib] AndroidManifest.xml:18:9-20:49
171            android:name="com.google.android.gms.games.APP_ID"
171-->[:unityLibrary:GooglePlayGamesManifest.androidlib] AndroidManifest.xml:19:13-63
172            android:value="\u003295455030235" /> <!-- Keep track of which plugin is being used -->
172-->[:unityLibrary:GooglePlayGamesManifest.androidlib] AndroidManifest.xml:20:13-46
173        <meta-data
173-->[:unityLibrary:GooglePlayGamesManifest.androidlib] AndroidManifest.xml:23:9-25:44
174            android:name="com.google.android.gms.games.unityVersion"
174-->[:unityLibrary:GooglePlayGamesManifest.androidlib] AndroidManifest.xml:24:13-69
175            android:value="\u0030.11.01" />
175-->[:unityLibrary:GooglePlayGamesManifest.androidlib] AndroidManifest.xml:25:13-41
176
177        <activity
177-->[:unityLibrary:GooglePlayGamesManifest.androidlib] AndroidManifest.xml:27:9-29:86
178            android:name="com.google.games.bridge.NativeBridgeActivity"
178-->[:unityLibrary:GooglePlayGamesManifest.androidlib] AndroidManifest.xml:28:13-72
179            android:theme="@android:style/Theme.Translucent.NoTitleBar.Fullscreen" />
179-->[:unityLibrary:GooglePlayGamesManifest.androidlib] AndroidManifest.xml:29:13-83
180    </application>
181
182</manifest>